perf-exec      79 5654999.933573:         16 cycles:P: 
	ffffffffacf99a55 perf_event_update_userpage+0x5 ([kernel.kallsyms])
	ffffffffacc1512f perf_ibs_add+0x4f ([kernel.kallsyms])
	ffffffffacf97d2e event_sched_in+0xde ([kernel.kallsyms])
	ffffffffacf9a49a merge_sched_in+0x1da ([kernel.kallsyms])
	ffffffffacf9a801 visit_groups_merge.constprop.0.isra.0+0x1b1 ([kernel.kallsyms])
	ffffffffacf9ac09 ctx_groups_sched_in+0x69 ([kernel.kallsyms])
	ffffffffacf9ad08 ctx_sched_in+0xa8 ([kernel.kallsyms])
	ffffffffacf9b2ff ctx_resched+0xbf ([kernel.kallsyms])
	ffffffffacf9b748 perf_event_enable_on_exec+0x178 ([kernel.kallsyms])
	ffffffffacfa0f9e perf_event_exec+0x6e ([kernel.kallsyms])
	ffffffffad0ed542 begin_new_exec+0x232 ([kernel.kallsyms])
	ffffffffad17ca45 load_elf_binary+0x325 ([kernel.kallsyms])
	ffffffffad0ea117 search_binary_handler+0xd7 ([kernel.kallsyms])
	ffffffffad0ea6a9 exec_binprm+0x59 ([kernel.kallsyms])
	ffffffffad0ea9a0 bprm_execve.part.0+0x180 ([kernel.kallsyms])
	ffffffffad0eaaa6 bprm_execve+0x46 ([kernel.kallsyms])
	ffffffffad0ecafd do_execveat_common.isra.0+0x19d ([kernel.kallsyms])
	ffffffffad0ece57 __x64_sys_execve+0x37 ([kernel.kallsyms])
	ffffffffacc06ec1 x64_sys_call+0x1a11 ([kernel.kallsyms])
	ffffffffaddfeab1 do_syscall_64+0x81 ([kernel.kallsyms])
	ffffffffae000130 entry_SYSCALL_64_after_hwframe+0x78 ([kernel.kallsyms])
	    79972372ef3b [unknown] ([unknown])

perf-exec      79 5654999.933581:         16 cycles:P: 
	ffffffffacf99a55 perf_event_update_userpage+0x5 ([kernel.kallsyms])
	ffffffffacc1512f perf_ibs_add+0x4f ([kernel.kallsyms])
	ffffffffacf97d2e event_sched_in+0xde ([kernel.kallsyms])
	ffffffffacf9a49a merge_sched_in+0x1da ([kernel.kallsyms])
	ffffffffacf9a801 visit_groups_merge.constprop.0.isra.0+0x1b1 ([kernel.kallsyms])
	ffffffffacf9ac09 ctx_groups_sched_in+0x69 ([kernel.kallsyms])
	ffffffffacf9ad08 ctx_sched_in+0xa8 ([kernel.kallsyms])
	ffffffffacf9b2ff ctx_resched+0xbf ([kernel.kallsyms])
	ffffffffacf9b748 perf_event_enable_on_exec+0x178 ([kernel.kallsyms])
	ffffffffacfa0f9e perf_event_exec+0x6e ([kernel.kallsyms])
	ffffffffad0ed542 begin_new_exec+0x232 ([kernel.kallsyms])
	ffffffffad17ca45 load_elf_binary+0x325 ([kernel.kallsyms])
	ffffffffad0ea117 search_binary_handler+0xd7 ([kernel.kallsyms])
	ffffffffad0ea6a9 exec_binprm+0x59 ([kernel.kallsyms])
	ffffffffad0ea9a0 bprm_execve.part.0+0x180 ([kernel.kallsyms])
	ffffffffad0eaaa6 bprm_execve+0x46 ([kernel.kallsyms])
	ffffffffad0ecafd do_execveat_common.isra.0+0x19d ([kernel.kallsyms])
	ffffffffad0ece57 __x64_sys_execve+0x37 ([kernel.kallsyms])
	ffffffffacc06ec1 x64_sys_call+0x1a11 ([kernel.kallsyms])
	ffffffffaddfeab1 do_syscall_64+0x81 ([kernel.kallsyms])
	ffffffffae000130 entry_SYSCALL_64_after_hwframe+0x78 ([kernel.kallsyms])
	    79972372ef3b [unknown] ([unknown])

perf-exec      79 5654999.933584:         16 cycles:P: 
	ffffffffacf99a55 perf_event_update_userpage+0x5 ([kernel.kallsyms])
	ffffffffacc1512f perf_ibs_add+0x4f ([kernel.kallsyms])
	ffffffffacf97d2e event_sched_in+0xde ([kernel.kallsyms])
	ffffffffacf9a49a merge_sched_in+0x1da ([kernel.kallsyms])
	ffffffffacf9a801 visit_groups_merge.constprop.0.isra.0+0x1b1 ([kernel.kallsyms])
	ffffffffacf9ac09 ctx_groups_sched_in+0x69 ([kernel.kallsyms])
	ffffffffacf9ad08 ctx_sched_in+0xa8 ([kernel.kallsyms])
	ffffffffacf9b2ff ctx_resched+0xbf ([kernel.kallsyms])
	ffffffffacf9b748 perf_event_enable_on_exec+0x178 ([kernel.kallsyms])
	ffffffffacfa0f9e perf_event_exec+0x6e ([kernel.kallsyms])
	ffffffffad0ed542 begin_new_exec+0x232 ([kernel.kallsyms])
	ffffffffad17ca45 load_elf_binary+0x325 ([kernel.kallsyms])
	ffffffffad0ea117 search_binary_handler+0xd7 ([kernel.kallsyms])
	ffffffffad0ea6a9 exec_binprm+0x59 ([kernel.kallsyms])
	ffffffffad0ea9a0 bprm_execve.part.0+0x180 ([kernel.kallsyms])
	ffffffffad0eaaa6 bprm_execve+0x46 ([kernel.kallsyms])
	ffffffffad0ecafd do_execveat_common.isra.0+0x19d ([kernel.kallsyms])
	ffffffffad0ece57 __x64_sys_execve+0x37 ([kernel.kallsyms])
	ffffffffacc06ec1 x64_sys_call+0x1a11 ([kernel.kallsyms])
	ffffffffaddfeab1 do_syscall_64+0x81 ([kernel.kallsyms])
	ffffffffae000130 entry_SYSCALL_64_after_hwframe+0x78 ([kernel.kallsyms])
	    79972372ef3b [unknown] ([unknown])

perf-exec      79 5654999.933587:       2335 cycles:P: 
	ffffffffacf99a55 perf_event_update_userpage+0x5 ([kernel.kallsyms])
	ffffffffacc1512f perf_ibs_add+0x4f ([kernel.kallsyms])
	ffffffffacf97d2e event_sched_in+0xde ([kernel.kallsyms])
	ffffffffacf9a49a merge_sched_in+0x1da ([kernel.kallsyms])
	ffffffffacf9a801 visit_groups_merge.constprop.0.isra.0+0x1b1 ([kernel.kallsyms])
	ffffffffacf9ac09 ctx_groups_sched_in+0x69 ([kernel.kallsyms])
	ffffffffacf9ad08 ctx_sched_in+0xa8 ([kernel.kallsyms])
	ffffffffacf9b2ff ctx_resched+0xbf ([kernel.kallsyms])
	ffffffffacf9b748 perf_event_enable_on_exec+0x178 ([kernel.kallsyms])
	ffffffffacfa0f9e perf_event_exec+0x6e ([kernel.kallsyms])
	ffffffffad0ed542 begin_new_exec+0x232 ([kernel.kallsyms])
	ffffffffad17ca45 load_elf_binary+0x325 ([kernel.kallsyms])
	ffffffffad0ea117 search_binary_handler+0xd7 ([kernel.kallsyms])
	ffffffffad0ea6a9 exec_binprm+0x59 ([kernel.kallsyms])
	ffffffffad0ea9a0 bprm_execve.part.0+0x180 ([kernel.kallsyms])
	ffffffffad0eaaa6 bprm_execve+0x46 ([kernel.kallsyms])
	ffffffffad0ecafd do_execveat_common.isra.0+0x19d ([kernel.kallsyms])
	ffffffffad0ece57 __x64_sys_execve+0x37 ([kernel.kallsyms])
	ffffffffacc06ec1 x64_sys_call+0x1a11 ([kernel.kallsyms])
	ffffffffaddfeab1 do_syscall_64+0x81 ([kernel.kallsyms])
	ffffffffae000130 entry_SYSCALL_64_after_hwframe+0x78 ([kernel.kallsyms])
	    79972372ef3b [unknown] ([unknown])

main.exe      79 5654999.933765:     872499 cycles:P: 
	ffffffffade0664e exc_page_fault+0x3e ([kernel.kallsyms])
	ffffffffae000bc7 asm_exc_page_fault+0x27 ([kernel.kallsyms])
	    789450f6d880 [unknown] (/ (deleted))
	    789450f89f46 [unknown] (/ (deleted))
	    789450f8b75e [unknown] (/ (deleted))
	    789450f8a548 [unknown] (/ (deleted))

main.exe      79 5655000.008408:  369822114 cycles:P: 
	    576a76429150 solveScalers(Vector, Vector, Vector, Vector)+0x20c (/host/main.exe)
	    576a76421bb2 Box::getLightIntersection(Ray, double*)+0x26e (/host/main.exe)
	    576a76423a5c getLight(double*, Autonoma*, Vector, Vector, unsigned char)+0x254 (/host/main.exe)
	    576a76425dad calcColor(unsigned char*, Autonoma*, Ray, unsigned int)+0x565 (/host/main.exe)
	    576a7641f43f refresh(Autonoma*)+0x19f (/host/main.exe)
	               0 [unknown] ([unknown])

main.exe      79 5655000.018590:   50088753 cycles:P: 
	    576a7642594a calcColor(unsigned char*, Autonoma*, Ray, unsigned int)+0x102 (/host/main.exe)
	    576a7641f43f refresh(Autonoma*)+0x19f (/host/main.exe)
	               0 [unknown] ([unknown])

main.exe      79 5655000.028629:   49520578 cycles:P: 
	    576a764258f5 calcColor(unsigned char*, Autonoma*, Ray, unsigned int)+0xad (/host/main.exe)
	    576a7641f43f refresh(Autonoma*)+0x19f (/host/main.exe)
	               0 [unknown] ([unknown])

main.exe      79 5655000.038713:   49757944 cycles:P: 
	    576a764248fc Plane::getIntersection(Ray)+0x2a (/host/main.exe)
	    576a764216db Box::getIntersection(Ray)+0x6b (/host/main.exe)
	    576a7642590a calcColor(unsigned char*, Autonoma*, Ray, unsigned int)+0xc2 (/host/main.exe)
	    576a7641f43f refresh(Autonoma*)+0x19f (/host/main.exe)
	               0 [unknown] ([unknown])

main.exe      79 5655000.048804:   49819861 cycles:P: 
	    576a7642920a solveScalers(Vector, Vector, Vector, Vector)+0x2c6 (/host/main.exe)
	    576a7642182e Box::getIntersection(Ray)+0x1be (/host/main.exe)
	    576a7642590a calcColor(unsigned char*, Autonoma*, Ray, unsigned int)+0xc2 (/host/main.exe)
	    576a7641f43f refresh(Autonoma*)+0x19f (/host/main.exe)
	               0 [unknown] ([unknown])

main.exe      79 5655000.058956:   49856725 cycles:P: 
	    576a76428a94 Vector::operator*(double)+0x58 (/host/main.exe)
	    576a764239c0 getLight(double*, Autonoma*, Vector, Vector, unsigned char)+0x1b8 (/host/main.exe)
	    576a76425dad calcColor(unsigned char*, Autonoma*, Ray, unsigned int)+0x565 (/host/main.exe)
	    576a7641f43f refresh(Autonoma*)+0x19f (/host/main.exe)
	               0 [unknown] ([unknown])

main.exe      79 5655000.069048:   49574510 cycles:P: 
	    576a7642594a calcColor(unsigned char*, Autonoma*, Ray, unsigned int)+0x102 (/host/main.exe)
	    576a7641f43f refresh(Autonoma*)+0x19f (/host/main.exe)
	               0 [unknown] ([unknown])

main.exe      79 5655000.079063:   49443204 cycles:P: 
	    576a76425985 calcColor(unsigned char*, Autonoma*, Ray, unsigned int)+0x13d (/host/main.exe)
	    576a7642631b calcColor(unsigned char*, Autonoma*, Ray, unsigned int)+0xad3 (/host/main.exe)
	    576a7641f43f refresh(Autonoma*)+0x19f (/host/main.exe)
	               0 [unknown] ([unknown])

main.exe      79 5655000.088136:         16 cycles:P: 
	ffffffffacf99ab3 perf_event_update_userpage+0x63 ([kernel.kallsyms])
	ffffffffacc14fda perf_ibs_start+0xea ([kernel.kallsyms])
	ffffffffacc1512f perf_ibs_add+0x4f ([kernel.kallsyms])
	ffffffffacf97d2e event_sched_in+0xde ([kernel.kallsyms])
	ffffffffacf9a49a merge_sched_in+0x1da ([kernel.kallsyms])
	ffffffffacf9a801 visit_groups_merge.constprop.0.isra.0+0x1b1 ([kernel.kallsyms])
	ffffffffacf9ac09 ctx_groups_sched_in+0x69 ([kernel.kallsyms])
	ffffffffacf9ad08 ctx_sched_in+0xa8 ([kernel.kallsyms])
	ffffffffacf9af21 __perf_event_task_sched_in+0x131 ([kernel.kallsyms])
	ffffffffacd512b5 finish_task_switch.isra.0+0x1b5 ([kernel.kallsyms])
	ffffffffade168e4 __schedule+0x284 ([kernel.kallsyms])
	ffffffffade16d43 schedule+0x33 ([kernel.kallsyms])
	ffffffffade06fef irqentry_exit_to_user_mode+0x21f ([kernel.kallsyms])
	ffffffffade07083 irqentry_exit+0x43 ([kernel.kallsyms])
	ffffffffade0580b sysvec_apic_timer_interrupt+0x4b ([kernel.kallsyms])
	ffffffffae000f4b asm_sysvec_apic_timer_interrupt+0x1b ([kernel.kallsyms])
	    576a76428aa1 Vector::operator*(double)+0x65 (/host/main.exe)
	    576a76425dad calcColor(unsigned char*, Autonoma*, Ray, unsigned int)+0x565 (/host/main.exe)
	    576a7642631b calcColor(unsigned char*, Autonoma*, Ray, unsigned int)+0xad3 (/host/main.exe)
	    576a7641f43f refresh(Autonoma*)+0x19f (/host/main.exe)
	               0 [unknown] ([unknown])

main.exe      79 5655000.088141:         16 cycles:P: 
	ffffffffacf99ab3 perf_event_update_userpage+0x63 ([kernel.kallsyms])
	ffffffffacc14fda perf_ibs_start+0xea ([kernel.kallsyms])
	ffffffffacc1512f perf_ibs_add+0x4f ([kernel.kallsyms])
	ffffffffacf97d2e event_sched_in+0xde ([kernel.kallsyms])
	ffffffffacf9a49a merge_sched_in+0x1da ([kernel.kallsyms])
	ffffffffacf9a801 visit_groups_merge.constprop.0.isra.0+0x1b1 ([kernel.kallsyms])
	ffffffffacf9ac09 ctx_groups_sched_in+0x69 ([kernel.kallsyms])
	ffffffffacf9ad08 ctx_sched_in+0xa8 ([kernel.kallsyms])
	ffffffffacf9af21 __perf_event_task_sched_in+0x131 ([kernel.kallsyms])
	ffffffffacd512b5 finish_task_switch.isra.0+0x1b5 ([kernel.kallsyms])
	ffffffffade168e4 __schedule+0x284 ([kernel.kallsyms])
	ffffffffade16d43 schedule+0x33 ([kernel.kallsyms])
	ffffffffade06fef irqentry_exit_to_user_mode+0x21f ([kernel.kallsyms])
	ffffffffade07083 irqentry_exit+0x43 ([kernel.kallsyms])
	ffffffffade0580b sysvec_apic_timer_interrupt+0x4b ([kernel.kallsyms])
	ffffffffae000f4b asm_sysvec_apic_timer_interrupt+0x1b ([kernel.kallsyms])
	    576a76428aa1 Vector::operator*(double)+0x65 (/host/main.exe)
	    576a76425dad calcColor(unsigned char*, Autonoma*, Ray, unsigned int)+0x565 (/host/main.exe)
	    576a7642631b calcColor(unsigned char*, Autonoma*, Ray, unsigned int)+0xad3 (/host/main.exe)
	    576a7641f43f refresh(Autonoma*)+0x19f (/host/main.exe)
	               0 [unknown] ([unknown])

main.exe      79 5655000.088144:         16 cycles:P: 
	ffffffffacf99ab3 perf_event_update_userpage+0x63 ([kernel.kallsyms])
	ffffffffacc14fda perf_ibs_start+0xea ([kernel.kallsyms])
	ffffffffacc1512f perf_ibs_add+0x4f ([kernel.kallsyms])
	ffffffffacf97d2e event_sched_in+0xde ([kernel.kallsyms])
	ffffffffacf9a49a merge_sched_in+0x1da ([kernel.kallsyms])
	ffffffffacf9a801 visit_groups_merge.constprop.0.isra.0+0x1b1 ([kernel.kallsyms])
	ffffffffacf9ac09 ctx_groups_sched_in+0x69 ([kernel.kallsyms])
	ffffffffacf9ad08 ctx_sched_in+0xa8 ([kernel.kallsyms])
	ffffffffacf9af21 __perf_event_task_sched_in+0x131 ([kernel.kallsyms])
	ffffffffacd512b5 finish_task_switch.isra.0+0x1b5 ([kernel.kallsyms])
	ffffffffade168e4 __schedule+0x284 ([kernel.kallsyms])
	ffffffffade16d43 schedule+0x33 ([kernel.kallsyms])
	ffffffffade06fef irqentry_exit_to_user_mode+0x21f ([kernel.kallsyms])
	ffffffffade07083 irqentry_exit+0x43 ([kernel.kallsyms])
	ffffffffade0580b sysvec_apic_timer_interrupt+0x4b ([kernel.kallsyms])
	ffffffffae000f4b asm_sysvec_apic_timer_interrupt+0x1b ([kernel.kallsyms])
	    576a76428aa1 Vector::operator*(double)+0x65 (/host/main.exe)
	    576a76425dad calcColor(unsigned char*, Autonoma*, Ray, unsigned int)+0x565 (/host/main.exe)
	    576a7642631b calcColor(unsigned char*, Autonoma*, Ray, unsigned int)+0xad3 (/host/main.exe)
	    576a7641f43f refresh(Autonoma*)+0x19f (/host/main.exe)
	               0 [unknown] ([unknown])

main.exe      79 5655000.088148:       3277 cycles:P: 
	ffffffffacf99b5a perf_event_update_userpage+0x10a ([kernel.kallsyms])
	ffffffffacc14fda perf_ibs_start+0xea ([kernel.kallsyms])
	ffffffffacc1512f perf_ibs_add+0x4f ([kernel.kallsyms])
	ffffffffacf97d2e event_sched_in+0xde ([kernel.kallsyms])
	ffffffffacf9a49a merge_sched_in+0x1da ([kernel.kallsyms])
	ffffffffacf9a801 visit_groups_merge.constprop.0.isra.0+0x1b1 ([kernel.kallsyms])
	ffffffffacf9ac09 ctx_groups_sched_in+0x69 ([kernel.kallsyms])
	ffffffffacf9ad08 ctx_sched_in+0xa8 ([kernel.kallsyms])
	ffffffffacf9af21 __perf_event_task_sched_in+0x131 ([kernel.kallsyms])
	ffffffffacd512b5 finish_task_switch.isra.0+0x1b5 ([kernel.kallsyms])
	ffffffffade168e4 __schedule+0x284 ([kernel.kallsyms])
	ffffffffade16d43 schedule+0x33 ([kernel.kallsyms])
	ffffffffade06fef irqentry_exit_to_user_mode+0x21f ([kernel.kallsyms])
	ffffffffade07083 irqentry_exit+0x43 ([kernel.kallsyms])
	ffffffffade0580b sysvec_apic_timer_interrupt+0x4b ([kernel.kallsyms])
	ffffffffae000f4b asm_sysvec_apic_timer_interrupt+0x1b ([kernel.kallsyms])
	    576a76428aa1 Vector::operator*(double)+0x65 (/host/main.exe)
	    576a76425dad calcColor(unsigned char*, Autonoma*, Ray, unsigned int)+0x565 (/host/main.exe)
	    576a7642631b calcColor(unsigned char*, Autonoma*, Ray, unsigned int)+0xad3 (/host/main.exe)
	    576a7641f43f refresh(Autonoma*)+0x19f (/host/main.exe)
	               0 [unknown] ([unknown])

main.exe      79 5655000.088424:    1352387 cycles:P: 
	    576a7642860c Vector::Vector(double, double, double)+0x24 (/host/main.exe)
	    576a76428a35 Vector::operator+(Vector)+0x6b (/host/main.exe)
	    576a76421739 Box::getIntersection(Ray)+0xc9 (/host/main.exe)
	    576a7642590a calcColor(unsigned char*, Autonoma*, Ray, unsigned int)+0xc2 (/host/main.exe)
	    576a7641f43f refresh(Autonoma*)+0x19f (/host/main.exe)
	               0 [unknown] ([unknown])

main.exe      79 5655000.199004:  503998222 cycles:P: 
	    576a76428e96 Vector::dot(Vector)+0x14 (/host/main.exe)
	    576a764219b0 Box::getLightIntersection(Ray, double*)+0x6c (/host/main.exe)
	    576a76423a5c getLight(double*, Autonoma*, Vector, Vector, unsigned char)+0x254 (/host/main.exe)
	    576a76425dad calcColor(unsigned char*, Autonoma*, Ray, unsigned int)+0x565 (/host/main.exe)
	    576a7641f43f refresh(Autonoma*)+0x19f (/host/main.exe)
	               0 [unknown] ([unknown])

main.exe      79 5655000.209153:   47598671 cycles:P: 
	ffffffffad73a565 fetch_pte+0x155 ([kernel.kallsyms])
	ffffffffad73a5c0 iommu_v1_iova_to_phys+0x30 ([kernel.kallsyms])
	ffffffffad730e3c amd_iommu_iova_to_phys+0x1c ([kernel.kallsyms])
	ffffffffad7540f3 iommu_iova_to_phys+0x23 ([kernel.kallsyms])
	ffffffffad75a9f5 iommu_dma_unmap_page+0x35 ([kernel.kallsyms])
	ffffffffacde7f52 dma_unmap_page_attrs+0x52 ([kernel.kallsyms])
	ffffffffc14c4917 ath11k_ce_recv_process_cb+0x197 ([kernel.kallsyms])
	ffffffffc14c4f5e ath11k_ce_per_engine_service+0x6e ([kernel.kallsyms])
	ffffffffc14cab32 ath11k_pcic_ce_tasklet+0x22 ([kernel.kallsyms])
	ffffffffacd0aa37 tasklet_action_common.constprop.0+0xd7 ([kernel.kallsyms])
	ffffffffacd0ab72 tasklet_action+0x22 ([kernel.kallsyms])
	ffffffffacd0a178 handle_softirqs+0xd8 ([kernel.kallsyms])
	ffffffffacd0a4c9 __irq_exit_rcu+0xd9 ([kernel.kallsyms])
	ffffffffacd0a82e irq_exit_rcu+0xe ([kernel.kallsyms])
	ffffffffade026d9 common_interrupt+0x49 ([kernel.kallsyms])
	ffffffffae000ea7 asm_common_interrupt+0x27 ([kernel.kallsyms])
	    789450a677ce [unknown] (/ (deleted))
	    576a76425931 calcColor(unsigned char*, Autonoma*, Ray, unsigned int)+0xe9 (/host/main.exe)
	    576a7641f43f refresh(Autonoma*)+0x19f (/host/main.exe)
	               0 [unknown] ([unknown])

main.exe      79 5655000.219225:   47466926 cycles:P: 
	    576a76429112 solveScalers(Vector, Vector, Vector, Vector)+0x1ce (/host/main.exe)
	    576a76421bb2 Box::getLightIntersection(Ray, double*)+0x26e (/host/main.exe)
	    576a76423a5c getLight(double*, Autonoma*, Vector, Vector, unsigned char)+0x254 (/host/main.exe)
	    576a76425dad calcColor(unsigned char*, Autonoma*, Ray, unsigned int)+0x565 (/host/main.exe)
	    576a7641f43f refresh(Autonoma*)+0x19f (/host/main.exe)
	               0 [unknown] ([unknown])

main.exe      79 5655000.229903:   47543650 cycles:P: 
	    576a7642597b calcColor(unsigned char*, Autonoma*, Ray, unsigned int)+0x133 (/host/main.exe)
	    576a7642631b calcColor(unsigned char*, Autonoma*, Ray, unsigned int)+0xad3 (/host/main.exe)
	    576a7641f43f refresh(Autonoma*)+0x19f (/host/main.exe)
	               0 [unknown] ([unknown])

main.exe      79 5655000.241569:   47678511 cycles:P: 
	    576a7642169d Box::getIntersection(Ray)+0x2d (/host/main.exe)
	    576a7642590a calcColor(unsigned char*, Autonoma*, Ray, unsigned int)+0xc2 (/host/main.exe)
	    576a7641f43f refresh(Autonoma*)+0x19f (/host/main.exe)
	               0 [unknown] ([unknown])

main.exe      79 5655000.249552:   38030044 cycles:P: 
	    576a7642597e calcColor(unsigned char*, Autonoma*, Ray, unsigned int)+0x136 (/host/main.exe)
	    576a7641f43f refresh(Autonoma*)+0x19f (/host/main.exe)
	               0 [unknown] ([unknown])

main.exe      79 5655000.258916:   44657209 cycles:P: 
	    576a76428e92 Vector::dot(Vector)+0x10 (/host/main.exe)
	    576a7642491a Plane::getIntersection(Ray)+0x48 (/host/main.exe)
	    576a764216db Box::getIntersection(Ray)+0x6b (/host/main.exe)
	    576a7642590a calcColor(unsigned char*, Autonoma*, Ray, unsigned int)+0xc2 (/host/main.exe)
	    576a7641f43f refresh(Autonoma*)+0x19f (/host/main.exe)
	               0 [unknown] ([unknown])

main.exe      79 5655000.268761:   47132992 cycles:P: 
	    576a7642597b calcColor(unsigned char*, Autonoma*, Ray, unsigned int)+0x133 (/host/main.exe)
	    576a7642631b calcColor(unsigned char*, Autonoma*, Ray, unsigned int)+0xad3 (/host/main.exe)
	    576a7641f43f refresh(Autonoma*)+0x19f (/host/main.exe)
	               0 [unknown] ([unknown])

main.exe      79 5655000.278811:   48046518 cycles:P: 
	    576a764259b2 calcColor(unsigned char*, Autonoma*, Ray, unsigned int)+0x16a (/host/main.exe)
	    576a7641f43f refresh(Autonoma*)+0x19f (/host/main.exe)
	               0 [unknown] ([unknown])

main.exe      79 5655000.288829:   48192687 cycles:P: 
	    576a7642577f insertionSort(TimeAndShape*, int)+0x45 (/host/main.exe)
	    576a76425a2e calcColor(unsigned char*, Autonoma*, Ray, unsigned int)+0x1e6 (/host/main.exe)
	    576a7641f43f refresh(Autonoma*)+0x19f (/host/main.exe)
	               0 [unknown] ([unknown])

main.exe      79 5655000.299651:   48502140 cycles:P: 
	    576a7642594c calcColor(unsigned char*, Autonoma*, Ray, unsigned int)+0x104 (/host/main.exe)
	    576a7641f43f refresh(Autonoma*)+0x19f (/host/main.exe)
	               0 [unknown] ([unknown])

main.exe      79 5655000.308753:   44027309 cycles:P: 
	    576a76428ea8 Vector::dot(Vector)+0x26 (/host/main.exe)
	    576a7642495c Plane::getIntersection(Ray)+0x8a (/host/main.exe)
	    576a764216db Box::getIntersection(Ray)+0x6b (/host/main.exe)
	    576a7642590a calcColor(unsigned char*, Autonoma*, Ray, unsigned int)+0xc2 (/host/main.exe)
	    576a7641f43f refresh(Autonoma*)+0x19f (/host/main.exe)
	               0 [unknown] ([unknown])

main.exe      79 5655000.318534:   47410802 cycles:P: 
	    576a76428ecb Vector::dot(Vector)+0x49 (/host/main.exe)
	    576a7642491a Plane::getIntersection(Ray)+0x48 (/host/main.exe)
	    576a764216db Box::getIntersection(Ray)+0x6b (/host/main.exe)
	    576a7642590a calcColor(unsigned char*, Autonoma*, Ray, unsigned int)+0xc2 (/host/main.exe)
	    576a7641f43f refresh(Autonoma*)+0x19f (/host/main.exe)
	               0 [unknown] ([unknown])

main.exe      79 5655000.328568:   48592543 cycles:P: 
	    576a764219b9 Box::getLightIntersection(Ray, double*)+0x75 (/host/main.exe)
	    576a76423a5c getLight(double*, Autonoma*, Vector, Vector, unsigned char)+0x254 (/host/main.exe)
	    576a76425dad calcColor(unsigned char*, Autonoma*, Ray, unsigned int)+0x565 (/host/main.exe)
	    576a7641f43f refresh(Autonoma*)+0x19f (/host/main.exe)
	               0 [unknown] ([unknown])

main.exe      79 5655000.338584:   48822402 cycles:P: 
	    789450a67675 [unknown] (/ (deleted))
	    576a76425931 calcColor(unsigned char*, Autonoma*, Ray, unsigned int)+0xe9 (/host/main.exe)
	    576a7641f43f refresh(Autonoma*)+0x19f (/host/main.exe)
	               0 [unknown] ([unknown])

main.exe      79 5655000.349338:   49161941 cycles:P: 
	    576a76425a0e calcColor(unsigned char*, Autonoma*, Ray, unsigned int)+0x1c6 (/host/main.exe)
	    576a7641f43f refresh(Autonoma*)+0x19f (/host/main.exe)
	               0 [unknown] ([unknown])

main.exe      79 5655000.359421:   45822405 cycles:P: 
	    576a7642860c Vector::Vector(double, double, double)+0x24 (/host/main.exe)
	    576a76428a35 Vector::operator+(Vector)+0x6b (/host/main.exe)
	    576a76425c35 calcColor(unsigned char*, Autonoma*, Ray, unsigned int)+0x3ed (/host/main.exe)
	    576a7642631b calcColor(unsigned char*, Autonoma*, Ray, unsigned int)+0xad3 (/host/main.exe)
	    576a7641f43f refresh(Autonoma*)+0x19f (/host/main.exe)
	               0 [unknown] ([unknown])

main.exe      79 5655000.368572:   45003544 cycles:P: 
	    789450a677cf [unknown] (/ (deleted))
	    576a7641f43f refresh(Autonoma*)+0x19f (/host/main.exe)
	               0 [unknown] ([unknown])

main.exe      79 5655000.378420:   47851512 cycles:P: 
	    789450a6779f [unknown] (/ (deleted))
	    576a7642589e calcColor(unsigned char*, Autonoma*, Ray, unsigned int)+0x56 (/host/main.exe)
	    576a7642631b calcColor(unsigned char*, Autonoma*, Ray, unsigned int)+0xad3 (/host/main.exe)
	    576a7641f43f refresh(Autonoma*)+0x19f (/host/main.exe)
	               0 [unknown] ([unknown])

main.exe      79 5655000.388705:   49324154 cycles:P: 
	    576a764259a4 calcColor(unsigned char*, Autonoma*, Ray, unsigned int)+0x15c (/host/main.exe)
	    576a7642631b calcColor(unsigned char*, Autonoma*, Ray, unsigned int)+0xad3 (/host/main.exe)
	    576a7641f43f refresh(Autonoma*)+0x19f (/host/main.exe)
	               0 [unknown] ([unknown])

main.exe      79 5655000.399320:   49440608 cycles:P: 
	    576a7642860c Vector::Vector(double, double, double)+0x24 (/host/main.exe)
	    576a764289c3 Vector::operator-(Vector)+0x6b (/host/main.exe)
	    576a76423958 getLight(double*, Autonoma*, Vector, Vector, unsigned char)+0x150 (/host/main.exe)
	    576a76425dad calcColor(unsigned char*, Autonoma*, Ray, unsigned int)+0x565 (/host/main.exe)
	    576a7641f43f refresh(Autonoma*)+0x19f (/host/main.exe)
	               0 [unknown] ([unknown])

main.exe      79 5655000.408982:   45585926 cycles:P: 
	    576a76428975 Vector::operator-(Vector)+0x1d (/host/main.exe)
	    576a76421776 Box::getIntersection(Ray)+0x106 (/host/main.exe)
	    576a7642590a calcColor(unsigned char*, Autonoma*, Ray, unsigned int)+0xc2 (/host/main.exe)
	    576a7641f43f refresh(Autonoma*)+0x19f (/host/main.exe)
	               0 [unknown] ([unknown])

main.exe      79 5655000.418830:   48586540 cycles:P: 
	    576a7642594c calcColor(unsigned char*, Autonoma*, Ray, unsigned int)+0x104 (/host/main.exe)
	    576a7642631b calcColor(unsigned char*, Autonoma*, Ray, unsigned int)+0xad3 (/host/main.exe)
	    576a7641f43f refresh(Autonoma*)+0x19f (/host/main.exe)
	               0 [unknown] ([unknown])

main.exe      79 5655000.428709:   48716681 cycles:P: 
	    576a76425985 calcColor(unsigned char*, Autonoma*, Ray, unsigned int)+0x13d (/host/main.exe)
	    576a7642631b calcColor(unsigned char*, Autonoma*, Ray, unsigned int)+0xad3 (/host/main.exe)
	    576a7641f43f refresh(Autonoma*)+0x19f (/host/main.exe)
	               0 [unknown] ([unknown])

main.exe      79 5655000.438751:   49535715 cycles:P: 
	    576a76428e92 Vector::dot(Vector)+0x10 (/host/main.exe)
	    576a76424a22 Plane::getLightIntersection(Ray, double*)+0x6c (/host/main.exe)
	    576a76423a5c getLight(double*, Autonoma*, Vector, Vector, unsigned char)+0x254 (/host/main.exe)
	    576a76425dad calcColor(unsigned char*, Autonoma*, Ray, unsigned int)+0x565 (/host/main.exe)
	    576a7642631b calcColor(unsigned char*, Autonoma*, Ray, unsigned int)+0xad3 (/host/main.exe)
	    576a7641f43f refresh(Autonoma*)+0x19f (/host/main.exe)
	               0 [unknown] ([unknown])

main.exe      79 5655000.449546:   49759015 cycles:P: 
	    789450a6768f [unknown] (/ (deleted))
	    576a7642589e calcColor(unsigned char*, Autonoma*, Ray, unsigned int)+0x56 (/host/main.exe)
	    576a7642631b calcColor(unsigned char*, Autonoma*, Ray, unsigned int)+0xad3 (/host/main.exe)
	    576a7641f43f refresh(Autonoma*)+0x19f (/host/main.exe)
	               0 [unknown] ([unknown])

main.exe      79 5655000.459354:   45398448 cycles:P: 
	    576a76428fdb solveScalers(Vector, Vector, Vector, Vector)+0x97 (/host/main.exe)
	    576a7642182e Box::getIntersection(Ray)+0x1be (/host/main.exe)
	    576a7642590a calcColor(unsigned char*, Autonoma*, Ray, unsigned int)+0xc2 (/host/main.exe)
	    576a7641f43f refresh(Autonoma*)+0x19f (/host/main.exe)
	               0 [unknown] ([unknown])

main.exe      79 5655000.468447:   44871125 cycles:P: 
	    576a76428fc0 solveScalers(Vector, Vector, Vector, Vector)+0x7c (/host/main.exe)
	    576a7642182e Box::getIntersection(Ray)+0x1be (/host/main.exe)
	    576a7642590a calcColor(unsigned char*, Autonoma*, Ray, unsigned int)+0xc2 (/host/main.exe)
	    576a7641f43f refresh(Autonoma*)+0x19f (/host/main.exe)
	               0 [unknown] ([unknown])

main.exe      79 5655000.478240:   48365234 cycles:P: 
	    576a764289f8 Vector::operator+(Vector)+0x2e (/host/main.exe)
	    576a7641f3c7 refresh(Autonoma*)+0x127 (/host/main.exe)
	               0 [unknown] ([unknown])

main.exe      79 5655000.488269:   49489961 cycles:P: 
	    576a76424970 Plane::getIntersection(Ray)+0x9e (/host/main.exe)
	    576a764216db Box::getIntersection(Ray)+0x6b (/host/main.exe)
	    576a7642590a calcColor(unsigned char*, Autonoma*, Ray, unsigned int)+0xc2 (/host/main.exe)
	    576a7641f43f refresh(Autonoma*)+0x19f (/host/main.exe)
	               0 [unknown] ([unknown])

main.exe      79 5655000.498356:   49753850 cycles:P: 
	    576a76428fa5 solveScalers(Vector, Vector, Vector, Vector)+0x61 (/host/main.exe)
	    576a7642182e Box::getIntersection(Ray)+0x1be (/host/main.exe)
	    576a7642590a calcColor(unsigned char*, Autonoma*, Ray, unsigned int)+0xc2 (/host/main.exe)
	    576a7641f43f refresh(Autonoma*)+0x19f (/host/main.exe)
	               0 [unknown] ([unknown])

main.exe      79 5655000.508828:   49814270 cycles:P: 
	    576a76428e96 Vector::dot(Vector)+0x14 (/host/main.exe)
	    576a764219b0 Box::getLightIntersection(Ray, double*)+0x6c (/host/main.exe)
	    576a76423a5c getLight(double*, Autonoma*, Vector, Vector, unsigned char)+0x254 (/host/main.exe)
	    576a76425dad calcColor(unsigned char*, Autonoma*, Ray, unsigned int)+0x565 (/host/main.exe)
	    576a7642631b calcColor(unsigned char*, Autonoma*, Ray, unsigned int)+0xad3 (/host/main.exe)
	    576a7641f43f refresh(Autonoma*)+0x19f (/host/main.exe)
	               0 [unknown] ([unknown])

main.exe      79 5655000.518891:   49693575 cycles:P: 
	    576a7642583f insertionSort(TimeAndShape*, int)+0x105 (/host/main.exe)
	    576a76425a2e calcColor(unsigned char*, Autonoma*, Ray, unsigned int)+0x1e6 (/host/main.exe)
	    576a7641f43f refresh(Autonoma*)+0x19f (/host/main.exe)
	               0 [unknown] ([unknown])

main.exe      79 5655000.528864:   49184035 cycles:P: 
	    576a76425a0e calcColor(unsigned char*, Autonoma*, Ray, unsigned int)+0x1c6 (/host/main.exe)
	    576a7641f43f refresh(Autonoma*)+0x19f (/host/main.exe)
	               0 [unknown] ([unknown])

main.exe      79 5655000.538956:   49649152 cycles:P: 
	    576a76425953 calcColor(unsigned char*, Autonoma*, Ray, unsigned int)+0x10b (/host/main.exe)
	    576a7641f43f refresh(Autonoma*)+0x19f (/host/main.exe)
	               0 [unknown] ([unknown])

main.exe      79 5655000.549070:   49732890 cycles:P: 
	    576a76425a0e calcColor(unsigned char*, Autonoma*, Ray, unsigned int)+0x1c6 (/host/main.exe)
	    576a7642631b calcColor(unsigned char*, Autonoma*, Ray, unsigned int)+0xad3 (/host/main.exe)
	    576a7642631b calcColor(unsigned char*, Autonoma*, Ray, unsigned int)+0xad3 (/host/main.exe)
	    576a7641f43f refresh(Autonoma*)+0x19f (/host/main.exe)
	               0 [unknown] ([unknown])

main.exe      79 5655000.559168:   49728966 cycles:P: 
	    576a76428e9f Vector::dot(Vector)+0x1d (/host/main.exe)
	    576a7642491a Plane::getIntersection(Ray)+0x48 (/host/main.exe)
	    576a764216db Box::getIntersection(Ray)+0x6b (/host/main.exe)
	    576a7642590a calcColor(unsigned char*, Autonoma*, Ray, unsigned int)+0xc2 (/host/main.exe)
	    576a7642631b calcColor(unsigned char*, Autonoma*, Ray, unsigned int)+0xad3 (/host/main.exe)
	    576a7641f43f refresh(Autonoma*)+0x19f (/host/main.exe)
	               0 [unknown] ([unknown])

main.exe      79 5655000.569254:   49781263 cycles:P: 
	    576a76425981 calcColor(unsigned char*, Autonoma*, Ray, unsigned int)+0x139 (/host/main.exe)
	    576a7642631b calcColor(unsigned char*, Autonoma*, Ray, unsigned int)+0xad3 (/host/main.exe)
	    576a7642631b calcColor(unsigned char*, Autonoma*, Ray, unsigned int)+0xad3 (/host/main.exe)
	    576a7641f43f refresh(Autonoma*)+0x19f (/host/main.exe)
	               0 [unknown] ([unknown])

main.exe      79 5655000.579347:   49845727 cycles:P: 
	    576a7642597e calcColor(unsigned char*, Autonoma*, Ray, unsigned int)+0x136 (/host/main.exe)
	    576a7641f43f refresh(Autonoma*)+0x19f (/host/main.exe)
	               0 [unknown] ([unknown])

main.exe      79 5655000.589457:   49882188 cycles:P: 
	    576a76428975 Vector::operator-(Vector)+0x1d (/host/main.exe)
	    576a76421776 Box::getIntersection(Ray)+0x106 (/host/main.exe)
	    576a7642590a calcColor(unsigned char*, Autonoma*, Ray, unsigned int)+0xc2 (/host/main.exe)
	    576a7642631b calcColor(unsigned char*, Autonoma*, Ray, unsigned int)+0xad3 (/host/main.exe)
	    576a7641f43f refresh(Autonoma*)+0x19f (/host/main.exe)
	               0 [unknown] ([unknown])

main.exe      79 5655000.599563:   49873506 cycles:P: 
	    576a7642597b calcColor(unsigned char*, Autonoma*, Ray, unsigned int)+0x133 (/host/main.exe)
	    576a7642631b calcColor(unsigned char*, Autonoma*, Ray, unsigned int)+0xad3 (/host/main.exe)
	    576a7641f43f refresh(Autonoma*)+0x19f (/host/main.exe)
	               0 [unknown] ([unknown])

main.exe      79 5655000.609667:   49865987 cycles:P: 
	    576a76424903 Plane::getIntersection(Ray)+0x31 (/host/main.exe)
	    576a764216db Box::getIntersection(Ray)+0x6b (/host/main.exe)
	    576a7642590a calcColor(unsigned char*, Autonoma*, Ray, unsigned int)+0xc2 (/host/main.exe)
	    576a7642631b calcColor(unsigned char*, Autonoma*, Ray, unsigned int)+0xad3 (/host/main.exe)
	    576a7642631b calcColor(unsigned char*, Autonoma*, Ray, unsigned int)+0xad3 (/host/main.exe)
	    576a7641f43f refresh(Autonoma*)+0x19f (/host/main.exe)
	               0 [unknown] ([unknown])

main.exe      79 5655000.619820:   49864934 cycles:P: 
	    576a76428614 Vector::Vector(double, double, double)+0x2c (/host/main.exe)
	    576a76429238 solveScalers(Vector, Vector, Vector, Vector)+0x2f4 (/host/main.exe)
	    576a76421bb2 Box::getLightIntersection(Ray, double*)+0x26e (/host/main.exe)
	    576a76423a5c getLight(double*, Autonoma*, Vector, Vector, unsigned char)+0x254 (/host/main.exe)
	    576a76425dad calcColor(unsigned char*, Autonoma*, Ray, unsigned int)+0x565 (/host/main.exe)
	    576a7642631b calcColor(unsigned char*, Autonoma*, Ray, unsigned int)+0xad3 (/host/main.exe)
	    576a7642631b calcColor(unsigned char*, Autonoma*, Ray, unsigned int)+0xad3 (/host/main.exe)
	    576a7641f43f refresh(Autonoma*)+0x19f (/host/main.exe)
	               0 [unknown] ([unknown])

main.exe      79 5655000.629895:   49684498 cycles:P: 
	    576a76428eb1 Vector::dot(Vector)+0x2f (/host/main.exe)
	    576a764219f8 Box::getLightIntersection(Ray, double*)+0xb4 (/host/main.exe)
	    576a76423a5c getLight(double*, Autonoma*, Vector, Vector, unsigned char)+0x254 (/host/main.exe)
	    576a76425dad calcColor(unsigned char*, Autonoma*, Ray, unsigned int)+0x565 (/host/main.exe)
	    576a7642631b calcColor(unsigned char*, Autonoma*, Ray, unsigned int)+0xad3 (/host/main.exe)
	    576a7641f43f refresh(Autonoma*)+0x19f (/host/main.exe)
	               0 [unknown] ([unknown])

main.exe      79 5655000.639985:   49813283 cycles:P: 
	    576a76428607 Vector::Vector(double, double, double)+0x1f (/host/main.exe)
	    576a764289c3 Vector::operator-(Vector)+0x6b (/host/main.exe)
	    576a76421776 Box::getIntersection(Ray)+0x106 (/host/main.exe)
	    576a7642590a calcColor(unsigned char*, Autonoma*, Ray, unsigned int)+0xc2 (/host/main.exe)
	    576a7641f43f refresh(Autonoma*)+0x19f (/host/main.exe)
	               0 [unknown] ([unknown])

main.exe      79 5655000.650083:   49847761 cycles:P: 
	    576a76428fa5 solveScalers(Vector, Vector, Vector, Vector)+0x61 (/host/main.exe)
	    576a7642182e Box::getIntersection(Ray)+0x1be (/host/main.exe)
	    576a7642590a calcColor(unsigned char*, Autonoma*, Ray, unsigned int)+0xc2 (/host/main.exe)
	    576a7642631b calcColor(unsigned char*, Autonoma*, Ray, unsigned int)+0xad3 (/host/main.exe)
	    576a7641f43f refresh(Autonoma*)+0x19f (/host/main.exe)
	               0 [unknown] ([unknown])

main.exe      79 5655000.660182:   49871842 cycles:P: 
	    576a76428e96 Vector::dot(Vector)+0x14 (/host/main.exe)
	    576a764219b0 Box::getLightIntersection(Ray, double*)+0x6c (/host/main.exe)
	    576a76423a5c getLight(double*, Autonoma*, Vector, Vector, unsigned char)+0x254 (/host/main.exe)
	    576a76425dad calcColor(unsigned char*, Autonoma*, Ray, unsigned int)+0x565 (/host/main.exe)
	    576a7642631b calcColor(unsigned char*, Autonoma*, Ray, unsigned int)+0xad3 (/host/main.exe)
	    576a7642631b calcColor(unsigned char*, Autonoma*, Ray, unsigned int)+0xad3 (/host/main.exe)
	    576a7641f43f refresh(Autonoma*)+0x19f (/host/main.exe)
	               0 [unknown] ([unknown])

main.exe      79 5655000.670289:   49883227 cycles:P: 
	    576a76425981 calcColor(unsigned char*, Autonoma*, Ray, unsigned int)+0x139 (/host/main.exe)
	    576a7642631b calcColor(unsigned char*, Autonoma*, Ray, unsigned int)+0xad3 (/host/main.exe)
	    576a7641f43f refresh(Autonoma*)+0x19f (/host/main.exe)
	               0 [unknown] ([unknown])

main.exe      79 5655000.680393:   49870745 cycles:P: 
	    576a76425969 calcColor(unsigned char*, Autonoma*, Ray, unsigned int)+0x121 (/host/main.exe)
	    576a7641f43f refresh(Autonoma*)+0x19f (/host/main.exe)
	               0 [unknown] ([unknown])

main.exe      79 5655000.690491:   49871222 cycles:P: 
	    576a76428614 Vector::Vector(double, double, double)+0x2c (/host/main.exe)
	    576a764289c3 Vector::operator-(Vector)+0x6b (/host/main.exe)
	    576a76426244 calcColor(unsigned char*, Autonoma*, Ray, unsigned int)+0x9fc (/host/main.exe)
	    576a7641f43f refresh(Autonoma*)+0x19f (/host/main.exe)
	               0 [unknown] ([unknown])

main.exe      79 5655000.701064:   49890065 cycles:P: 
	    576a7642169d Box::getIntersection(Ray)+0x2d (/host/main.exe)
	    576a7642590a calcColor(unsigned char*, Autonoma*, Ray, unsigned int)+0xc2 (/host/main.exe)
	    576a7642631b calcColor(unsigned char*, Autonoma*, Ray, unsigned int)+0xad3 (/host/main.exe)
	    576a7641f43f refresh(Autonoma*)+0x19f (/host/main.exe)
	               0 [unknown] ([unknown])

main.exe      79 5655000.716156:   49861211 cycles:P: 
	    576a764289ec Vector::operator+(Vector)+0x22 (/host/main.exe)
	    576a76421739 Box::getIntersection(Ray)+0xc9 (/host/main.exe)
	    576a7642590a calcColor(unsigned char*, Autonoma*, Ray, unsigned int)+0xc2 (/host/main.exe)
	    576a7642631b calcColor(unsigned char*, Autonoma*, Ray, unsigned int)+0xad3 (/host/main.exe)
	    576a7641f43f refresh(Autonoma*)+0x19f (/host/main.exe)
	               0 [unknown] ([unknown])

main.exe      79 5655000.724538:   39004430 cycles:P: 
	    576a764285f9 Vector::Vector(double, double, double)+0x11 (/host/main.exe)
	    576a764289c3 Vector::operator-(Vector)+0x6b (/host/main.exe)
	    576a76421776 Box::getIntersection(Ray)+0x106 (/host/main.exe)
	    576a7642590a calcColor(unsigned char*, Autonoma*, Ray, unsigned int)+0xc2 (/host/main.exe)
	    576a7641f43f refresh(Autonoma*)+0x19f (/host/main.exe)
	               0 [unknown] ([unknown])

main.exe      79 5655000.734000:   44256007 cycles:P: 
	    576a764248e6 Plane::getIntersection(Ray)+0x14 (/host/main.exe)
	    576a764216db Box::getIntersection(Ray)+0x6b (/host/main.exe)
	    576a7642590a calcColor(unsigned char*, Autonoma*, Ray, unsigned int)+0xc2 (/host/main.exe)
	    576a7642631b calcColor(unsigned char*, Autonoma*, Ray, unsigned int)+0xad3 (/host/main.exe)
	    576a7641f43f refresh(Autonoma*)+0x19f (/host/main.exe)
	               0 [unknown] ([unknown])

main.exe      79 5655000.743880:   46352101 cycles:P: 
	    576a76425981 calcColor(unsigned char*, Autonoma*, Ray, unsigned int)+0x139 (/host/main.exe)
	    576a7642631b calcColor(unsigned char*, Autonoma*, Ray, unsigned int)+0xad3 (/host/main.exe)
	    576a7641f43f refresh(Autonoma*)+0x19f (/host/main.exe)
	               0 [unknown] ([unknown])

main.exe      79 5655000.753900:   47157370 cycles:P: 
	    576a76429135 solveScalers(Vector, Vector, Vector, Vector)+0x1f1 (/host/main.exe)
	    576a76421bb2 Box::getLightIntersection(Ray, double*)+0x26e (/host/main.exe)
	    576a76423a5c getLight(double*, Autonoma*, Vector, Vector, unsigned char)+0x254 (/host/main.exe)
	    576a76425dad calcColor(unsigned char*, Autonoma*, Ray, unsigned int)+0x565 (/host/main.exe)
	    576a7642631b calcColor(unsigned char*, Autonoma*, Ray, unsigned int)+0xad3 (/host/main.exe)
	    576a7641f43f refresh(Autonoma*)+0x19f (/host/main.exe)
	               0 [unknown] ([unknown])

main.exe      79 5655000.763973:   47459894 cycles:P: 
	    576a76425a0e calcColor(unsigned char*, Autonoma*, Ray, unsigned int)+0x1c6 (/host/main.exe)
	    576a7641f43f refresh(Autonoma*)+0x19f (/host/main.exe)
	               0 [unknown] ([unknown])

main.exe      79 5655000.774029:   47539810 cycles:P: 
	    576a764248ee Plane::getIntersection(Ray)+0x1c (/host/main.exe)
	    576a764216db Box::getIntersection(Ray)+0x6b (/host/main.exe)
	    576a7642590a calcColor(unsigned char*, Autonoma*, Ray, unsigned int)+0xc2 (/host/main.exe)
	    576a7642631b calcColor(unsigned char*, Autonoma*, Ray, unsigned int)+0xad3 (/host/main.exe)
	    576a7641f43f refresh(Autonoma*)+0x19f (/host/main.exe)
	               0 [unknown] ([unknown])

main.exe      79 5655000.784059:   47676379 cycles:P: 
	    576a76425953 calcColor(unsigned char*, Autonoma*, Ray, unsigned int)+0x10b (/host/main.exe)
	    576a7642631b calcColor(unsigned char*, Autonoma*, Ray, unsigned int)+0xad3 (/host/main.exe)
	    576a7642631b calcColor(unsigned char*, Autonoma*, Ray, unsigned int)+0xad3 (/host/main.exe)
	    576a7641f43f refresh(Autonoma*)+0x19f (/host/main.exe)
	               0 [unknown] ([unknown])

main.exe      79 5655000.794154:   47946091 cycles:P: 
	    576a764290ca solveScalers(Vector, Vector, Vector, Vector)+0x186 (/host/main.exe)
	    576a76421bb2 Box::getLightIntersection(Ray, double*)+0x26e (/host/main.exe)
	    576a76423a5c getLight(double*, Autonoma*, Vector, Vector, unsigned char)+0x254 (/host/main.exe)
	    576a76425dad calcColor(unsigned char*, Autonoma*, Ray, unsigned int)+0x565 (/host/main.exe)
	    576a7642631b calcColor(unsigned char*, Autonoma*, Ray, unsigned int)+0xad3 (/host/main.exe)
	    576a7642631b calcColor(unsigned char*, Autonoma*, Ray, unsigned int)+0xad3 (/host/main.exe)
	    576a7641f43f refresh(Autonoma*)+0x19f (/host/main.exe)
	               0 [unknown] ([unknown])

main.exe      79 5655000.804179:   47930810 cycles:P: 
	    576a7642597e calcColor(unsigned char*, Autonoma*, Ray, unsigned int)+0x136 (/host/main.exe)
	    576a7642631b calcColor(unsigned char*, Autonoma*, Ray, unsigned int)+0xad3 (/host/main.exe)
	    576a7641f43f refresh(Autonoma*)+0x19f (/host/main.exe)
	               0 [unknown] ([unknown])

main.exe      79 5655000.814230:   48199401 cycles:P: 
	    576a76428982 Vector::operator-(Vector)+0x2a (/host/main.exe)
	    576a76421776 Box::getIntersection(Ray)+0x106 (/host/main.exe)
	    576a7642590a calcColor(unsigned char*, Autonoma*, Ray, unsigned int)+0xc2 (/host/main.exe)
	    576a7641f43f refresh(Autonoma*)+0x19f (/host/main.exe)
	               0 [unknown] ([unknown])

main.exe      79 5655000.824293:   48406960 cycles:P: 
	    576a764257f8 insertionSort(TimeAndShape*, int)+0xbe (/host/main.exe)
	    576a76425a2e calcColor(unsigned char*, Autonoma*, Ray, unsigned int)+0x1e6 (/host/main.exe)
	    576a7642631b calcColor(unsigned char*, Autonoma*, Ray, unsigned int)+0xad3 (/host/main.exe)
	    576a7641f43f refresh(Autonoma*)+0x19f (/host/main.exe)
	               0 [unknown] ([unknown])

main.exe      79 5655000.834377:   48539565 cycles:P: 
	    576a764248ee Plane::getIntersection(Ray)+0x1c (/host/main.exe)
	    576a764216db Box::getIntersection(Ray)+0x6b (/host/main.exe)
	    576a7642590a calcColor(unsigned char*, Autonoma*, Ray, unsigned int)+0xc2 (/host/main.exe)
	    576a7642631b calcColor(unsigned char*, Autonoma*, Ray, unsigned int)+0xad3 (/host/main.exe)
	    576a7641f43f refresh(Autonoma*)+0x19f (/host/main.exe)
	               0 [unknown] ([unknown])

main.exe      79 5655000.844444:   48708308 cycles:P: 
	    576a76428eb5 Vector::dot(Vector)+0x33 (/host/main.exe)
	    576a76423acb getLight(double*, Autonoma*, Vector, Vector, unsigned char)+0x2c3 (/host/main.exe)
	    576a76425dad calcColor(unsigned char*, Autonoma*, Ray, unsigned int)+0x565 (/host/main.exe)
	    576a7641f43f refresh(Autonoma*)+0x19f (/host/main.exe)
	               0 [unknown] ([unknown])

main.exe      79 5655000.854511:   48792472 cycles:P: 
	    576a76428e92 Vector::dot(Vector)+0x10 (/host/main.exe)
	    576a764219f8 Box::getLightIntersection(Ray, double*)+0xb4 (/host/main.exe)
	    576a76423a5c getLight(double*, Autonoma*, Vector, Vector, unsigned char)+0x254 (/host/main.exe)
	    576a76425dad calcColor(unsigned char*, Autonoma*, Ray, unsigned int)+0x565 (/host/main.exe)
	    576a7641f43f refresh(Autonoma*)+0x19f (/host/main.exe)
	               0 [unknown] ([unknown])

main.exe      79 5655000.864583:   48946664 cycles:P: 
	    576a76428610 Vector::Vector(double, double, double)+0x28 (/host/main.exe)
	    576a764289c3 Vector::operator-(Vector)+0x6b (/host/main.exe)
	    576a76421776 Box::getIntersection(Ray)+0x106 (/host/main.exe)
	    576a7642590a calcColor(unsigned char*, Autonoma*, Ray, unsigned int)+0xc2 (/host/main.exe)
	    576a7641f43f refresh(Autonoma*)+0x19f (/host/main.exe)
	               0 [unknown] ([unknown])

main.exe      79 5655000.874725:   49082501 cycles:P: 
	    576a764257fd insertionSort(TimeAndShape*, int)+0xc3 (/host/main.exe)
	    576a76425a2e calcColor(unsigned char*, Autonoma*, Ray, unsigned int)+0x1e6 (/host/main.exe)
	    576a7642631b calcColor(unsigned char*, Autonoma*, Ray, unsigned int)+0xad3 (/host/main.exe)
	    576a7642631b calcColor(unsigned char*, Autonoma*, Ray, unsigned int)+0xad3 (/host/main.exe)
	    576a7641f43f refresh(Autonoma*)+0x19f (/host/main.exe)
	               0 [unknown] ([unknown])

main.exe      79 5655000.885485:   49031232 cycles:P: 
	    576a7642597b calcColor(unsigned char*, Autonoma*, Ray, unsigned int)+0x133 (/host/main.exe)
	    576a7641f43f refresh(Autonoma*)+0x19f (/host/main.exe)
	               0 [unknown] ([unknown])

main.exe      79 5655000.894690:   44988619 cycles:P: 
	    576a7641f3ac refresh(Autonoma*)+0x10c (/host/main.exe)
	               0 [unknown] ([unknown])

main.exe      79 5655000.904476:   48070305 cycles:P: 
	    576a764257f8 insertionSort(TimeAndShape*, int)+0xbe (/host/main.exe)
	    576a76425a2e calcColor(unsigned char*, Autonoma*, Ray, unsigned int)+0x1e6 (/host/main.exe)
	    576a7642631b calcColor(unsigned char*, Autonoma*, Ray, unsigned int)+0xad3 (/host/main.exe)
	    576a7641f43f refresh(Autonoma*)+0x19f (/host/main.exe)
	               0 [unknown] ([unknown])

main.exe      79 5655000.914756:   49208588 cycles:P: 
	    576a76428e92 Vector::dot(Vector)+0x10 (/host/main.exe)
	    576a76424a22 Plane::getLightIntersection(Ray, double*)+0x6c (/host/main.exe)
	    576a76423a5c getLight(double*, Autonoma*, Vector, Vector, unsigned char)+0x254 (/host/main.exe)
	    576a76425dad calcColor(unsigned char*, Autonoma*, Ray, unsigned int)+0x565 (/host/main.exe)
	    576a7642631b calcColor(unsigned char*, Autonoma*, Ray, unsigned int)+0xad3 (/host/main.exe)
	    576a7641f43f refresh(Autonoma*)+0x19f (/host/main.exe)
	               0 [unknown] ([unknown])

main.exe      79 5655000.924819:   49687981 cycles:P: 
	    576a764290ee solveScalers(Vector, Vector, Vector, Vector)+0x1aa (/host/main.exe)
	    576a76421bb2 Box::getLightIntersection(Ray, double*)+0x26e (/host/main.exe)
	    576a76423a5c getLight(double*, Autonoma*, Vector, Vector, unsigned char)+0x254 (/host/main.exe)
	    576a76425dad calcColor(unsigned char*, Autonoma*, Ray, unsigned int)+0x565 (/host/main.exe)
	    576a7641f43f refresh(Autonoma*)+0x19f (/host/main.exe)
	               0 [unknown] ([unknown])

main.exe      79 5655000.935434:   49265576 cycles:P: 
	    576a76421a1f Box::getLightIntersection(Ray, double*)+0xdb (/host/main.exe)
	    576a76423a5c getLight(double*, Autonoma*, Vector, Vector, unsigned char)+0x254 (/host/main.exe)
	    576a76425dad calcColor(unsigned char*, Autonoma*, Ray, unsigned int)+0x565 (/host/main.exe)
	    576a7641f43f refresh(Autonoma*)+0x19f (/host/main.exe)
	               0 [unknown] ([unknown])

main.exe      79 5655000.944706:   45761132 cycles:P: 
	    576a7642169d Box::getIntersection(Ray)+0x2d (/host/main.exe)
	    576a7642590a calcColor(unsigned char*, Autonoma*, Ray, unsigned int)+0xc2 (/host/main.exe)
	    576a7641f43f refresh(Autonoma*)+0x19f (/host/main.exe)
	               0 [unknown] ([unknown])

main.exe      79 5655000.954553:   48624791 cycles:P: 
	    576a764259e5 calcColor(unsigned char*, Autonoma*, Ray, unsigned int)+0x19d (/host/main.exe)
	    576a7641f43f refresh(Autonoma*)+0x19f (/host/main.exe)
	               0 [unknown] ([unknown])

main.exe      79 5655000.964588:   49560362 cycles:P: 
	    576a764289f4 Vector::operator+(Vector)+0x2a (/host/main.exe)
	    576a76421739 Box::getIntersection(Ray)+0xc9 (/host/main.exe)
	    576a7642590a calcColor(unsigned char*, Autonoma*, Ray, unsigned int)+0xc2 (/host/main.exe)
	    576a7642631b calcColor(unsigned char*, Autonoma*, Ray, unsigned int)+0xad3 (/host/main.exe)
	    576a7641f43f refresh(Autonoma*)+0x19f (/host/main.exe)
	               0 [unknown] ([unknown])

main.exe      79 5655000.974680:   49806119 cycles:P: 
	    576a7642599b calcColor(unsigned char*, Autonoma*, Ray, unsigned int)+0x153 (/host/main.exe)
	    576a7641f43f refresh(Autonoma*)+0x19f (/host/main.exe)
	               0 [unknown] ([unknown])

main.exe      79 5655000.985407:   49857981 cycles:P: 
	    576a764258d3 calcColor(unsigned char*, Autonoma*, Ray, unsigned int)+0x8b (/host/main.exe)
	    576a7641f43f refresh(Autonoma*)+0x19f (/host/main.exe)
	               0 [unknown] ([unknown])

main.exe      79 5655000.995288:   45972791 cycles:P: 
	    576a76425a0e calcColor(unsigned char*, Autonoma*, Ray, unsigned int)+0x1c6 (/host/main.exe)
	    576a7642631b calcColor(unsigned char*, Autonoma*, Ray, unsigned int)+0xad3 (/host/main.exe)
	    576a7641f43f refresh(Autonoma*)+0x19f (/host/main.exe)
	               0 [unknown] ([unknown])

main.exe      79 5655001.004783:   45314689 cycles:P: 
	    576a76428e9f Vector::dot(Vector)+0x1d (/host/main.exe)
	    576a764219f8 Box::getLightIntersection(Ray, double*)+0xb4 (/host/main.exe)
	    576a76423a5c getLight(double*, Autonoma*, Vector, Vector, unsigned char)+0x254 (/host/main.exe)
	    576a76425dad calcColor(unsigned char*, Autonoma*, Ray, unsigned int)+0x565 (/host/main.exe)
	    576a7641f43f refresh(Autonoma*)+0x19f (/host/main.exe)
	               0 [unknown] ([unknown])

main.exe      79 5655001.014608:   48490982 cycles:P: 
	    576a7642169d Box::getIntersection(Ray)+0x2d (/host/main.exe)
	    576a7642590a calcColor(unsigned char*, Autonoma*, Ray, unsigned int)+0xc2 (/host/main.exe)
	    576a7642631b calcColor(unsigned char*, Autonoma*, Ray, unsigned int)+0xad3 (/host/main.exe)
	    576a7641f43f refresh(Autonoma*)+0x19f (/host/main.exe)
	               0 [unknown] ([unknown])

main.exe      79 5655001.024543:   48907088 cycles:P: 
	    576a76428614 Vector::Vector(double, double, double)+0x2c (/host/main.exe)
	    576a76429238 solveScalers(Vector, Vector, Vector, Vector)+0x2f4 (/host/main.exe)
	    576a76421bb2 Box::getLightIntersection(Ray, double*)+0x26e (/host/main.exe)
	    576a76423a5c getLight(double*, Autonoma*, Vector, Vector, unsigned char)+0x254 (/host/main.exe)
	    576a76425dad calcColor(unsigned char*, Autonoma*, Ray, unsigned int)+0x565 (/host/main.exe)
	    576a7641f43f refresh(Autonoma*)+0x19f (/host/main.exe)
	               0 [unknown] ([unknown])

main.exe      79 5655001.034583:   49467150 cycles:P: 
	    576a76425969 calcColor(unsigned char*, Autonoma*, Ray, unsigned int)+0x121 (/host/main.exe)
	    576a7642631b calcColor(unsigned char*, Autonoma*, Ray, unsigned int)+0xad3 (/host/main.exe)
	    576a7641f43f refresh(Autonoma*)+0x19f (/host/main.exe)
	               0 [unknown] ([unknown])

main.exe      79 5655001.044680:   49697093 cycles:P: 
	    576a76421b66 Box::getLightIntersection(Ray, double*)+0x222 (/host/main.exe)
	    576a76423a5c getLight(double*, Autonoma*, Vector, Vector, unsigned char)+0x254 (/host/main.exe)
	    576a76425dad calcColor(unsigned char*, Autonoma*, Ray, unsigned int)+0x565 (/host/main.exe)
	    576a7641f43f refresh(Autonoma*)+0x19f (/host/main.exe)
	               0 [unknown] ([unknown])

main.exe      79 5655001.054758:   49773248 cycles:P: 
	    576a76428ecb Vector::dot(Vector)+0x49 (/host/main.exe)
	    576a764219f8 Box::getLightIntersection(Ray, double*)+0xb4 (/host/main.exe)
	    576a76423a5c getLight(double*, Autonoma*, Vector, Vector, unsigned char)+0x254 (/host/main.exe)
	    576a76425dad calcColor(unsigned char*, Autonoma*, Ray, unsigned int)+0x565 (/host/main.exe)
	    576a7641f43f refresh(Autonoma*)+0x19f (/host/main.exe)
	               0 [unknown] ([unknown])

main.exe      79 5655001.064852:   49827843 cycles:P: 
	    576a7642915a solveScalers(Vector, Vector, Vector, Vector)+0x216 (/host/main.exe)
	    576a76421bb2 Box::getLightIntersection(Ray, double*)+0x26e (/host/main.exe)
	    576a76423a5c getLight(double*, Autonoma*, Vector, Vector, unsigned char)+0x254 (/host/main.exe)
	    576a76425dad calcColor(unsigned char*, Autonoma*, Ray, unsigned int)+0x565 (/host/main.exe)
	    576a7641f43f refresh(Autonoma*)+0x19f (/host/main.exe)
	               0 [unknown] ([unknown])

main.exe      79 5655001.074958:   49876255 cycles:P: 
	    576a76425a0e calcColor(unsigned char*, Autonoma*, Ray, unsigned int)+0x1c6 (/host/main.exe)
	    576a7642631b calcColor(unsigned char*, Autonoma*, Ray, unsigned int)+0xad3 (/host/main.exe)
	    576a7642631b calcColor(unsigned char*, Autonoma*, Ray, unsigned int)+0xad3 (/host/main.exe)
	    576a7641f43f refresh(Autonoma*)+0x19f (/host/main.exe)
	               0 [unknown] ([unknown])

main.exe      79 5655001.085056:   49868352 cycles:P: 
	    576a7642920a solveScalers(Vector, Vector, Vector, Vector)+0x2c6 (/host/main.exe)
	    576a7642182e Box::getIntersection(Ray)+0x1be (/host/main.exe)
	    576a7642590a calcColor(unsigned char*, Autonoma*, Ray, unsigned int)+0xc2 (/host/main.exe)
	    576a7642631b calcColor(unsigned char*, Autonoma*, Ray, unsigned int)+0xad3 (/host/main.exe)
	    576a7641f43f refresh(Autonoma*)+0x19f (/host/main.exe)
	               0 [unknown] ([unknown])

main.exe      79 5655001.095196:   49886543 cycles:P: 
	    576a764248ee Plane::getIntersection(Ray)+0x1c (/host/main.exe)
	    576a764216db Box::getIntersection(Ray)+0x6b (/host/main.exe)
	    576a7642590a calcColor(unsigned char*, Autonoma*, Ray, unsigned int)+0xc2 (/host/main.exe)
	    576a7642631b calcColor(unsigned char*, Autonoma*, Ray, unsigned int)+0xad3 (/host/main.exe)
	    576a7641f43f refresh(Autonoma*)+0x19f (/host/main.exe)
	               0 [unknown] ([unknown])

main.exe      79 5655001.105321:   49786984 cycles:P: 
	    576a764290a2 solveScalers(Vector, Vector, Vector, Vector)+0x15e (/host/main.exe)
	    576a76421bb2 Box::getLightIntersection(Ray, double*)+0x26e (/host/main.exe)
	    576a76423a5c getLight(double*, Autonoma*, Vector, Vector, unsigned char)+0x254 (/host/main.exe)
	    576a76425dad calcColor(unsigned char*, Autonoma*, Ray, unsigned int)+0x565 (/host/main.exe)
	    576a7642631b calcColor(unsigned char*, Autonoma*, Ray, unsigned int)+0xad3 (/host/main.exe)
	    576a7642631b calcColor(unsigned char*, Autonoma*, Ray, unsigned int)+0xad3 (/host/main.exe)
	    576a7641f43f refresh(Autonoma*)+0x19f (/host/main.exe)
	               0 [unknown] ([unknown])

main.exe      79 5655001.115645:   49724753 cycles:P: 
	    576a76422d2b Disk::getLightIntersection(Ray, double*)+0xcb (/host/main.exe)
	    576a76423a5c getLight(double*, Autonoma*, Vector, Vector, unsigned char)+0x254 (/host/main.exe)
	    576a76425dad calcColor(unsigned char*, Autonoma*, Ray, unsigned int)+0x565 (/host/main.exe)
	    576a7642631b calcColor(unsigned char*, Autonoma*, Ray, unsigned int)+0xad3 (/host/main.exe)
	    576a7641f43f refresh(Autonoma*)+0x19f (/host/main.exe)
	               0 [unknown] ([unknown])

main.exe      79 5655001.125734:   49791763 cycles:P: 
	    576a76425974 calcColor(unsigned char*, Autonoma*, Ray, unsigned int)+0x12c (/host/main.exe)
	    576a7641f43f refresh(Autonoma*)+0x19f (/host/main.exe)
	               0 [unknown] ([unknown])

main.exe      79 5655001.135742:   49391232 cycles:P: 
	    789450a65342 [unknown] (/ (deleted))
	    789450a67d9e [unknown] (/ (deleted))
	    576a764259de calcColor(unsigned char*, Autonoma*, Ray, unsigned int)+0x196 (/host/main.exe)
	    576a7642631b calcColor(unsigned char*, Autonoma*, Ray, unsigned int)+0xad3 (/host/main.exe)
	    576a7641f43f refresh(Autonoma*)+0x19f (/host/main.exe)
	               0 [unknown] ([unknown])

